********************************************************************************
DUPLICATOR-LITE PACKAGE-LOG: 6 May 2020 7 h 17 min
NOTICE: Do NOT post to public sites or forums 
********************************************************************************
VERSION:	1.3.30
WORDPRESS:	5.4
PHP INFO:	7.3.12 | SAPI: apache2handler
SERVER:		Apache/2.4.41 (Win64) PHP/7.3.12 
PHP TIME LIMIT: (0) no time limit imposed 
PHP MAX MEMORY: 4294967296 (256M default) 
MEMORY STACK: 2MB

********************************************************************************
DATABASE:
********************************************************************************
BUILD MODE:   PHP(query limit - 100)
MYSQLTIMEOUT: 5000
MYSQLDUMP:    Not Supported
TABLES: total:28 | filtered:0 | create:28
FILTERED: []
SQL CREATED: 20200505_wordpress_Nathanael_00cd5f47b2a083012769_20200506071707_database.sql
SQL FILE SIZE: 1.75MB (1839744)
SQL FILE TIME: 2020-05-06 07:17:57
SQL RUNTIME: 1.02 sec.

********************************************************************************
ARCHIVE (ZIP):
********************************************************************************
ARCHIVE DIR:  F:/AFPA/DWWM_Nathanael/sitePersoWordpress
ARCHIVE FILE: 20200505_wordpress_Nathanael_00cd5f47b2a083012769_20200506071707_archive.zip
FILTERS: *OFF*
DIRS:
	not set
FILES:
	not set
EXTS:  not set
----------------------------------------
COMPRESSING
SIZE:	95.47MB
STATS:	Dirs 712 | Files 4,935
SQL ADDED: 20200505_wordpress_Nathanael_00cd5f47b2a083012769_20200506071707_database.sql
ZipArchive Object
(
    [status] => 0
    [statusSys] => 0
    [numFiles] => 5647
    [filename] => F:\AFPA\DWWM_Nathanael\sitePersoWordpress\wp-snapshots\tmp\20200505_wordpress_Nathanael_00cd5f47b2a083012769_20200506071707_archive.zip
    [comment] => 
)

FILE ADDED TO ZIP: 5646
COMPRESSION RESULT: '1'
COMPRESSED SIZE: 34.06MB
ARCHIVE RUNTIME: 13.43 sec.
MEMORY STACK: 4MB
building installer
add_extra_files1
add_extra_files2
add_extra_files3
add_extra_files4
Doing archive file check
add_extra_files5
add_extra_files6
add_extra_files8
Successfully opened zip F:/AFPA/DWWM_Nathanael/sitePersoWordpress/wp-snapshots/tmp/20200505_wordpress_Nathanael_00cd5f47b2a083012769_20200506071707_archive.zip
Adding enhanced installer files to archive using ZipArchive
Installer files added to archive
Added to archive
After ziparchive close when adding installer

********************************************************************************
INTEGRITY CHECKS:
********************************************************************************
SQL FILE: 1.75MB
INSTALLER FILE: 61.33KB
ARCHIVE FILE: 35.39MB 
EXPECTED FILE/DIRECTORY COUNT: 5,647
ACTUAL FILE/DIRECTORY COUNT: 5,646
ARCHIVE CONSISTENCY TEST: Pass

********************************************************************************
RECORD ID:[2]
TOTAL PROCESS RUNTIME: 15.43 sec.
PEAK PHP MEMORY USED: 6MB
DONE PROCESSING => 20200505_wordpress_Nathanael 6 May 2020 7 h 18 min

